<?xml version="1.0" encoding="UTF-8"?>
<!-- Generated by org.testng.reporters.JUnitXMLReporter -->
<testsuite ignored="0" hostname="Sushmas-MacBook-Air.local" failures="1" tests="1" name="Surefire test" time="10.082" errors="0" timestamp="2026-05-05T14:51:15 EDT">
  <testcase classname="com.qa.tests.EmptyCartCheckoutTest" name="emptyCartCheckoutTest" time="1.57">
    <failure type="java.lang.AssertionError" message="BUG: User is allowed to proceed to checkout with an empty cart expected [false] but found [true]">
      <![CDATA[java.lang.AssertionError: BUG: User is allowed to proceed to checkout with an empty cart expected [false] but found [true]
at com.qa.tests.EmptyCartCheckoutTest.emptyCartCheckoutTest(EmptyCartCheckoutTest.java:29)
at java.base/java.util.ArrayList.forEach(ArrayList.java:1511)
... Removed 35 stack frames]]>
    </failure>
  </testcase> <!-- emptyCartCheckoutTest -->
</testsuite> <!-- Surefire test -->
