<?xml version="1.0" encoding="UTF-8"?>
<!-- Generated by org.testng.reporters.JUnitXMLReporter -->
<testsuite ignored="0" hostname="Sushmas-MacBook-Air.local" failures="1" tests="3" name="Surefire test" time="39.655" errors="0" timestamp="2026-05-05T14:37:59 EDT">
  <testcase classname="com.qa.tests.CheckoutTest" name="checkoutFlowTest" time="13.517"/>
  <testcase classname="com.qa.tests.LoginTest" name="validLoginTest" time="0.151">
    <failure type="java.lang.AssertionError" message="Login failed expected [true] but found [false]">
      <![CDATA[java.lang.AssertionError: Login failed expected [true] but found [false]
at com.qa.tests.LoginTest.validLoginTest(LoginTest.java:19)
at java.base/java.util.ArrayList.forEach(ArrayList.java:1511)
... Removed 35 stack frames]]>
    </failure>
  </testcase> <!-- validLoginTest -->
  <testcase classname="com.qa.tests.AddToCartTest" name="addToCartTest" time="0.191"/>
</testsuite> <!-- Surefire test -->
