<?xml version="1.0" encoding="UTF-8"?>
<testng-results ignored="0" total="3" passed="3" failed="0" skipped="0">
  <reporter-output>
  </reporter-output>
  <suite started-at="2026-05-05T13:01:26 EDT" name="Surefire suite" finished-at="2026-05-05T13:01:45 EDT" duration-ms="18668">
    <groups>
    </groups>
    <test started-at="2026-05-05T13:01:26 EDT" name="Surefire test" finished-at="2026-05-05T13:01:45 EDT" duration-ms="18668">
      <class name="com.qa.tests.AddToCartTest">
        <test-method is-config="true" signature="setup()[pri:0, instance:com.qa.tests.AddToCartTest@14ec4505]" started-at="2026-05-05T13:01:39 EDT" name="setup" finished-at="2026-05-05T13:01:41 EDT" duration-ms="2609" status="PASS">
          <reporter-output>
          </reporter-output>
        </test-method> <!-- setup -->
        <test-method signature="addToCartTest()[pri:0, instance:com.qa.tests.AddToCartTest@14ec4505]" started-at="2026-05-05T13:01:41 EDT" name="addToCartTest" finished-at="2026-05-05T13:01:42 EDT" duration-ms="160" status="PASS">
          <reporter-output>
          </reporter-output>
        </test-method> <!-- addToCartTest -->
        <test-method is-config="true" signature="tearDown()[pri:0, instance:com.qa.tests.AddToCartTest@14ec4505]" started-at="2026-05-05T13:01:42 EDT" name="tearDown" finished-at="2026-05-05T13:01:45 EDT" duration-ms="3109" status="PASS">
          <reporter-output>
          </reporter-output>
        </test-method> <!-- tearDown -->
      </class> <!-- com.qa.tests.AddToCartTest -->
      <class name="com.qa.tests.LoginTest">
        <test-method is-config="true" signature="setup()[pri:0, instance:com.qa.tests.LoginTest@e50a6f6]" started-at="2026-05-05T13:01:34 EDT" name="setup" finished-at="2026-05-05T13:01:36 EDT" duration-ms="1391" status="PASS">
          <reporter-output>
          </reporter-output>
        </test-method> <!-- setup -->
        <test-method signature="validLoginTest()[pri:0, instance:com.qa.tests.LoginTest@e50a6f6]" started-at="2026-05-05T13:01:36 EDT" name="validLoginTest" finished-at="2026-05-05T13:01:36 EDT" duration-ms="133" status="PASS">
          <reporter-output>
          </reporter-output>
        </test-method> <!-- validLoginTest -->
        <test-method is-config="true" signature="tearDown()[pri:0, instance:com.qa.tests.LoginTest@e50a6f6]" started-at="2026-05-05T13:01:36 EDT" name="tearDown" finished-at="2026-05-05T13:01:39 EDT" duration-ms="3118" status="PASS">
          <reporter-output>
          </reporter-output>
        </test-method> <!-- tearDown -->
      </class> <!-- com.qa.tests.LoginTest -->
      <class name="com.qa.tests.CheckoutTest">
        <test-method is-config="true" signature="setup()[pri:0, instance:com.qa.tests.CheckoutTest@36f0f1be]" started-at="2026-05-05T13:01:26 EDT" name="setup" finished-at="2026-05-05T13:01:30 EDT" duration-ms="4268" status="PASS">
          <reporter-output>
          </reporter-output>
        </test-method> <!-- setup -->
        <test-method signature="checkoutFlowTest()[pri:0, instance:com.qa.tests.CheckoutTest@36f0f1be]" started-at="2026-05-05T13:01:30 EDT" name="checkoutFlowTest" finished-at="2026-05-05T13:01:31 EDT" duration-ms="700" status="PASS">
          <reporter-output>
          </reporter-output>
        </test-method> <!-- checkoutFlowTest -->
        <test-method is-config="true" signature="tearDown()[pri:0, instance:com.qa.tests.CheckoutTest@36f0f1be]" started-at="2026-05-05T13:01:31 EDT" name="tearDown" finished-at="2026-05-05T13:01:34 EDT" duration-ms="3159" status="PASS">
          <reporter-output>
          </reporter-output>
        </test-method> <!-- tearDown -->
      </class> <!-- com.qa.tests.CheckoutTest -->
    </test> <!-- Surefire test -->
  </suite> <!-- Surefire suite -->
</testng-results>
